<?xml version="1.0" encoding="UTF-8"?>
<testsuite xmlns:xsi="http://www.w3.org/2001/XMLSchema-instance" xsi:noNamespaceSchemaLocation="https://maven.apache.org/surefire/maven-surefire-plugin/xsd/surefire-test-report-3.0.xsd" version="3.0" name="com.dt.service.FlightServiceTest" time="0.717" tests="4" errors="0" skipped="0" failures="0">
  <properties>
[...]
</properties>
  <testcase name="testListFlights" classname="com.dt.service.FlightServiceTest" time="0.692">
    <system-err><![CDATA[WARNING: A Java agent has been loaded dynamically (/Users/dhanyanair/.m2/repository/net/bytebuddy/byte-buddy-agent/1.14.9/byte-buddy-agent-1.14.9.jar)
WARNING: If a serviceability tool is in use, please run with -XX:+EnableDynamicAgentLoading to hide this warning
WARNING: If a serviceability tool is not in use, please run with -Djdk.instrument.traceUsage for more information
WARNING: Dynamic loading of agents will be disallowed by default in a future release
]]></system-err>
  </testcase>
  <testcase name="testGetFlightBySrcAndDest" classname="com.dt.service.FlightServiceTest" time="0.004"/>
  <testcase name="testListOfFlightsNull" classname="com.dt.service.FlightServiceTest" time="0.001"/>
  <testcase name="testGetFlightBySrcAndDestNull" classname="com.dt.service.FlightServiceTest" time="0.002"/>
</testsuite>